Performing C++ SOURCE FILE Test HAVE_LIBATOMIC failed with the following output:
Change Dir: /Users/archiejames/Desktop/cross_platform_test/build/CMakeFiles/CMakeTmp

Run Build Command(s):/usr/bin/make cmTC_d9e9d/fast && /Library/Developer/CommandLineTools/usr/bin/make  -f CMakeFiles/cmTC_d9e9d.dir/build.make CMakeFiles/cmTC_d9e9d.dir/build
Building CXX object CMakeFiles/cmTC_d9e9d.dir/src.cxx.o
/usr/bin/clang++ -DHAVE_LIBATOMIC  -isysroot /Library/Developer/CommandLineTools/SDKs/MacOSX11.1.sdk -mmacosx-version-min=10.15 -o CMakeFiles/cmTC_d9e9d.dir/src.cxx.o -c /Users/archiejames/Desktop/cross_platform_test/build/CMakeFiles/CMakeTmp/src.cxx
/Users/archiejames/Desktop/cross_platform_test/build/CMakeFiles/CMakeTmp/src.cxx:2:21: error: expected ';' after top level declarator
std::atomic<int> foo{0};
                    ^
                    ;
1 error generated.
make[1]: *** [CMakeFiles/cmTC_d9e9d.dir/src.cxx.o] Error 1
make: *** [cmTC_d9e9d/fast] Error 2


Source file was:
#include <atomic>
std::atomic<int> foo{0};
int main() { return foo.fetch_add(2); }
Determining if the function __android_log_print exists in the log failed with the following output:
Change Dir: /Users/archiejames/Desktop/cross_platform_test/build/CMakeFiles/CMakeTmp

Run Build Command(s):/usr/bin/make cmTC_47dee/fast && /Library/Developer/CommandLineTools/usr/bin/make  -f CMakeFiles/cmTC_47dee.dir/build.make CMakeFiles/cmTC_47dee.dir/build
Building C object CMakeFiles/cmTC_47dee.dir/CheckFunctionExists.c.o
/usr/bin/clang   -DCHECK_FUNCTION_EXISTS=__android_log_print -isysroot /Library/Developer/CommandLineTools/SDKs/MacOSX11.1.sdk -mmacosx-version-min=10.15 -o CMakeFiles/cmTC_47dee.dir/CheckFunctionExists.c.o -c /Applications/CMake.app/Contents/share/cmake-3.19/Modules/CheckFunctionExists.c
Linking C executable cmTC_47dee
/Applications/CMake.app/Contents/bin/cmake -E cmake_link_script CMakeFiles/cmTC_47dee.dir/link.txt --verbose=1
/usr/bin/clang  -DCHECK_FUNCTION_EXISTS=__android_log_print -isysroot /Library/Developer/CommandLineTools/SDKs/MacOSX11.1.sdk -mmacosx-version-min=10.15 -Wl,-search_paths_first -Wl,-headerpad_max_install_names CMakeFiles/cmTC_47dee.dir/CheckFunctionExists.c.o -o cmTC_47dee  -llog 
ld: library not found for -llog
clang: error: linker command failed with exit code 1 (use -v to see invocation)
make[1]: *** [cmTC_47dee] Error 1
make: *** [cmTC_47dee/fast] Error 2



Performing C SOURCE FILE Test HAVE_GCC_PROTECTED_VISIBILITY failed with the following output:
Change Dir: /Users/archiejames/Desktop/cross_platform_test/build/CMakeFiles/CMakeTmp

Run Build Command(s):/usr/bin/make cmTC_2f67f/fast && /Library/Developer/CommandLineTools/usr/bin/make  -f CMakeFiles/cmTC_2f67f.dir/build.make CMakeFiles/cmTC_2f67f.dir/build
Building C object CMakeFiles/cmTC_2f67f.dir/src.c.o
/usr/bin/clang -DHAVE_GCC_PROTECTED_VISIBILITY  -Wattributes -Werror -isysroot /Library/Developer/CommandLineTools/SDKs/MacOSX11.1.sdk -mmacosx-version-min=10.15 -o CMakeFiles/cmTC_2f67f.dir/src.c.o -c /Users/archiejames/Desktop/cross_platform_test/build/CMakeFiles/CMakeTmp/src.c
/Users/archiejames/Desktop/cross_platform_test/build/CMakeFiles/CMakeTmp/src.c:1:26: error: target does not support 'protected' visibility; using 'default' [-Werror,-Wunsupported-visibility]
int foo() __attribute__((visibility("protected")));
                         ^
1 error generated.
make[1]: *** [CMakeFiles/cmTC_2f67f.dir/src.c.o] Error 1
make: *** [cmTC_2f67f/fast] Error 2


Source file was:
int foo() __attribute__((visibility("protected")));
                             int main() {return 0;}
Determining if the include file arm_neon.h exists failed with the following output:
Change Dir: /Users/archiejames/Desktop/cross_platform_test/build/CMakeFiles/CMakeTmp

Run Build Command(s):/usr/bin/make cmTC_0edf9/fast && /Library/Developer/CommandLineTools/usr/bin/make  -f CMakeFiles/cmTC_0edf9.dir/build.make CMakeFiles/cmTC_0edf9.dir/build
Building C object CMakeFiles/cmTC_0edf9.dir/CheckIncludeFile.c.o
/usr/bin/clang   -isysroot /Library/Developer/CommandLineTools/SDKs/MacOSX11.1.sdk -mmacosx-version-min=10.15 -o CMakeFiles/cmTC_0edf9.dir/CheckIncludeFile.c.o -c /Users/archiejames/Desktop/cross_platform_test/build/CMakeFiles/CMakeTmp/CheckIncludeFile.c
In file included from /Users/archiejames/Desktop/cross_platform_test/build/CMakeFiles/CMakeTmp/CheckIncludeFile.c:1:
/Library/Developer/CommandLineTools/usr/lib/clang/12.0.0/include/arm_neon.h:28:2: error: "NEON support not enabled"
#error "NEON support not enabled"
 ^
/Library/Developer/CommandLineTools/usr/lib/clang/12.0.0/include/arm_neon.h:48:24: error: 'neon_vector_type' attribute is not supported for this target
typedef __attribute__((neon_vector_type(8))) int8_t int8x8_t;
                       ^
/Library/Developer/CommandLineTools/usr/lib/clang/12.0.0/include/arm_neon.h:49:24: error: 'neon_vector_type' attribute is not supported for this target
typedef __attribute__((neon_vector_type(16))) int8_t int8x16_t;
                       ^
/Library/Developer/CommandLineTools/usr/lib/clang/12.0.0/include/arm_neon.h:50:24: error: 'neon_vector_type' attribute is not supported for this target
typedef __attribute__((neon_vector_type(4))) int16_t int16x4_t;
                       ^
/Library/Developer/CommandLineTools/usr/lib/clang/12.0.0/include/arm_neon.h:51:24: error: 'neon_vector_type' attribute is not supported for this target
typedef __attribute__((neon_vector_type(8))) int16_t int16x8_t;
                       ^
/Library/Developer/CommandLineTools/usr/lib/clang/12.0.0/include/arm_neon.h:52:24: error: 'neon_vector_type' attribute is not supported for this target
typedef __attribute__((neon_vector_type(2))) int32_t int32x2_t;
                       ^
/Library/Developer/CommandLineTools/usr/lib/clang/12.0.0/include/arm_neon.h:53:24: error: 'neon_vector_type' attribute is not supported for this target
typedef __attribute__((neon_vector_type(4))) int32_t int32x4_t;
                       ^
/Library/Developer/CommandLineTools/usr/lib/clang/12.0.0/include/arm_neon.h:54:24: error: 'neon_vector_type' attribute is not supported for this target
typedef __attribute__((neon_vector_type(1))) int64_t int64x1_t;
                       ^
/Library/Developer/CommandLineTools/usr/lib/clang/12.0.0/include/arm_neon.h:55:24: error: 'neon_vector_type' attribute is not supported for this target
typedef __attribute__((neon_vector_type(2))) int64_t int64x2_t;
                       ^
/Library/Developer/CommandLineTools/usr/lib/clang/12.0.0/include/arm_neon.h:56:24: error: 'neon_vector_type' attribute is not supported for this target
typedef __attribute__((neon_vector_type(8))) uint8_t uint8x8_t;
                       ^
/Library/Developer/CommandLineTools/usr/lib/clang/12.0.0/include/arm_neon.h:57:24: error: 'neon_vector_type' attribute is not supported for this target
typedef __attribute__((neon_vector_type(16))) uint8_t uint8x16_t;
                       ^
/Library/Developer/CommandLineTools/usr/lib/clang/12.0.0/include/arm_neon.h:58:24: error: 'neon_vector_type' attribute is not supported for this target
typedef __attribute__((neon_vector_type(4))) uint16_t uint16x4_t;
                       ^
/Library/Developer/CommandLineTools/usr/lib/clang/12.0.0/include/arm_neon.h:59:24: error: 'neon_vector_type' attribute is not supported for this target
typedef __attribute__((neon_vector_type(8))) uint16_t uint16x8_t;
                       ^
/Library/Developer/CommandLineTools/usr/lib/clang/12.0.0/include/arm_neon.h:60:24: error: 'neon_vector_type' attribute is not supported for this target
typedef __attribute__((neon_vector_type(2))) uint32_t uint32x2_t;
                       ^
/Library/Developer/CommandLineTools/usr/lib/clang/12.0.0/include/arm_neon.h:61:24: error: 'neon_vector_type' attribute is not supported for this target
typedef __attribute__((neon_vector_type(4))) uint32_t uint32x4_t;
                       ^
/Library/Developer/CommandLineTools/usr/lib/clang/12.0.0/include/arm_neon.h:62:24: error: 'neon_vector_type' attribute is not supported for this target
typedef __attribute__((neon_vector_type(1))) uint64_t uint64x1_t;
                       ^
/Library/Developer/CommandLineTools/usr/lib/clang/12.0.0/include/arm_neon.h:63:24: error: 'neon_vector_type' attribute is not supported for this target
typedef __attribute__((neon_vector_type(2))) uint64_t uint64x2_t;
                       ^
/Library/Developer/CommandLineTools/usr/lib/clang/12.0.0/include/arm_neon.h:64:24: error: 'neon_vector_type' attribute is not supported for this target
typedef __attribute__((neon_vector_type(4))) float16_t float16x4_t;
                       ^
/Library/Developer/CommandLineTools/usr/lib/clang/12.0.0/include/arm_neon.h:65:24: error: 'neon_vector_type' attribute is not supported for this target
typedef __attribute__((neon_vector_type(8))) float16_t float16x8_t;
                       ^
fatal error: too many errors emitted, stopping now [-ferror-limit=]
20 errors generated.
make[1]: *** [CMakeFiles/cmTC_0edf9.dir/CheckIncludeFile.c.o] Error 1
make: *** [cmTC_0edf9/fast] Error 2



Determining if the include file malloc.h exists failed with the following output:
Change Dir: /Users/archiejames/Desktop/cross_platform_test/build/CMakeFiles/CMakeTmp

Run Build Command(s):/usr/bin/make cmTC_64a92/fast && /Library/Developer/CommandLineTools/usr/bin/make  -f CMakeFiles/cmTC_64a92.dir/build.make CMakeFiles/cmTC_64a92.dir/build
Building C object CMakeFiles/cmTC_64a92.dir/CheckIncludeFile.c.o
/usr/bin/clang   -isysroot /Library/Developer/CommandLineTools/SDKs/MacOSX11.1.sdk -mmacosx-version-min=10.15 -o CMakeFiles/cmTC_64a92.dir/CheckIncludeFile.c.o -c /Users/archiejames/Desktop/cross_platform_test/build/CMakeFiles/CMakeTmp/CheckIncludeFile.c
/Users/archiejames/Desktop/cross_platform_test/build/CMakeFiles/CMakeTmp/CheckIncludeFile.c:1:10: fatal error: 'malloc.h' file not found
#include <malloc.h>
         ^~~~~~~~~~
1 error generated.
make[1]: *** [CMakeFiles/cmTC_64a92.dir/CheckIncludeFile.c.o] Error 1
make: *** [cmTC_64a92/fast] Error 2



Determining if the include file intrin.h exists failed with the following output:
Change Dir: /Users/archiejames/Desktop/cross_platform_test/build/CMakeFiles/CMakeTmp

Run Build Command(s):/usr/bin/make cmTC_886d0/fast && /Library/Developer/CommandLineTools/usr/bin/make  -f CMakeFiles/cmTC_886d0.dir/build.make CMakeFiles/cmTC_886d0.dir/build
Building C object CMakeFiles/cmTC_886d0.dir/CheckIncludeFile.c.o
/usr/bin/clang   -isysroot /Library/Developer/CommandLineTools/SDKs/MacOSX11.1.sdk -mmacosx-version-min=10.15 -o CMakeFiles/cmTC_886d0.dir/CheckIncludeFile.c.o -c /Users/archiejames/Desktop/cross_platform_test/build/CMakeFiles/CMakeTmp/CheckIncludeFile.c
In file included from /Users/archiejames/Desktop/cross_platform_test/build/CMakeFiles/CMakeTmp/CheckIncludeFile.c:1:
/Library/Developer/CommandLineTools/usr/lib/clang/12.0.0/include/intrin.h:12:15: fatal error: 'intrin.h' file not found
#include_next <intrin.h>
              ^~~~~~~~~~
1 error generated.
make[1]: *** [CMakeFiles/cmTC_886d0.dir/CheckIncludeFile.c.o] Error 1
make: *** [cmTC_886d0/fast] Error 2



Determining if the include file guiddef.h exists failed with the following output:
Change Dir: /Users/archiejames/Desktop/cross_platform_test/build/CMakeFiles/CMakeTmp

Run Build Command(s):/usr/bin/make cmTC_e94b6/fast && /Library/Developer/CommandLineTools/usr/bin/make  -f CMakeFiles/cmTC_e94b6.dir/build.make CMakeFiles/cmTC_e94b6.dir/build
Building C object CMakeFiles/cmTC_e94b6.dir/CheckIncludeFile.c.o
/usr/bin/clang   -isysroot /Library/Developer/CommandLineTools/SDKs/MacOSX11.1.sdk -mmacosx-version-min=10.15 -o CMakeFiles/cmTC_e94b6.dir/CheckIncludeFile.c.o -c /Users/archiejames/Desktop/cross_platform_test/build/CMakeFiles/CMakeTmp/CheckIncludeFile.c
/Users/archiejames/Desktop/cross_platform_test/build/CMakeFiles/CMakeTmp/CheckIncludeFile.c:1:10: fatal error: 'guiddef.h' file not found
#include <guiddef.h>
         ^~~~~~~~~~~
1 error generated.
make[1]: *** [CMakeFiles/cmTC_e94b6.dir/CheckIncludeFile.c.o] Error 1
make: *** [cmTC_e94b6/fast] Error 2



Determining if the include file initguid.h exists failed with the following output:
Change Dir: /Users/archiejames/Desktop/cross_platform_test/build/CMakeFiles/CMakeTmp

Run Build Command(s):/usr/bin/make cmTC_1013a/fast && /Library/Developer/CommandLineTools/usr/bin/make  -f CMakeFiles/cmTC_1013a.dir/build.make CMakeFiles/cmTC_1013a.dir/build
Building C object CMakeFiles/cmTC_1013a.dir/CheckIncludeFile.c.o
/usr/bin/clang   -isysroot /Library/Developer/CommandLineTools/SDKs/MacOSX11.1.sdk -mmacosx-version-min=10.15 -o CMakeFiles/cmTC_1013a.dir/CheckIncludeFile.c.o -c /Users/archiejames/Desktop/cross_platform_test/build/CMakeFiles/CMakeTmp/CheckIncludeFile.c
/Users/archiejames/Desktop/cross_platform_test/build/CMakeFiles/CMakeTmp/CheckIncludeFile.c:1:10: fatal error: 'initguid.h' file not found
#include <initguid.h>
         ^~~~~~~~~~~~
1 error generated.
make[1]: *** [CMakeFiles/cmTC_1013a.dir/CheckIncludeFile.c.o] Error 1
make: *** [cmTC_1013a/fast] Error 2



Determining if the function clock_gettime exists in the rt failed with the following output:
Change Dir: /Users/archiejames/Desktop/cross_platform_test/build/CMakeFiles/CMakeTmp

Run Build Command(s):/usr/bin/make cmTC_649ee/fast && /Library/Developer/CommandLineTools/usr/bin/make  -f CMakeFiles/cmTC_649ee.dir/build.make CMakeFiles/cmTC_649ee.dir/build
Building C object CMakeFiles/cmTC_649ee.dir/CheckFunctionExists.c.o
/usr/bin/clang   -DCHECK_FUNCTION_EXISTS=clock_gettime -isysroot /Library/Developer/CommandLineTools/SDKs/MacOSX11.1.sdk -mmacosx-version-min=10.15 -o CMakeFiles/cmTC_649ee.dir/CheckFunctionExists.c.o -c /Applications/CMake.app/Contents/share/cmake-3.19/Modules/CheckFunctionExists.c
Linking C executable cmTC_649ee
/Applications/CMake.app/Contents/bin/cmake -E cmake_link_script CMakeFiles/cmTC_649ee.dir/link.txt --verbose=1
/usr/bin/clang  -DCHECK_FUNCTION_EXISTS=clock_gettime -isysroot /Library/Developer/CommandLineTools/SDKs/MacOSX11.1.sdk -mmacosx-version-min=10.15 -Wl,-search_paths_first -Wl,-headerpad_max_install_names CMakeFiles/cmTC_649ee.dir/CheckFunctionExists.c.o -o cmTC_649ee  -lrt -lm 
ld: library not found for -lrt
clang: error: linker command failed with exit code 1 (use -v to see invocation)
make[1]: *** [cmTC_649ee] Error 1
make: *** [cmTC_649ee/fast] Error 2



Determining if the _aligned_malloc exist failed with the following output:
Change Dir: /Users/archiejames/Desktop/cross_platform_test/build/CMakeFiles/CMakeTmp

Run Build Command(s):/usr/bin/make cmTC_51838/fast && /Library/Developer/CommandLineTools/usr/bin/make  -f CMakeFiles/cmTC_51838.dir/build.make CMakeFiles/cmTC_51838.dir/build
Building C object CMakeFiles/cmTC_51838.dir/CheckSymbolExists.c.o
/usr/bin/clang   -isysroot /Library/Developer/CommandLineTools/SDKs/MacOSX11.1.sdk -mmacosx-version-min=10.15 -o CMakeFiles/cmTC_51838.dir/CheckSymbolExists.c.o -c /Users/archiejames/Desktop/cross_platform_test/build/CMakeFiles/CMakeTmp/CheckSymbolExists.c
/Users/archiejames/Desktop/cross_platform_test/build/CMakeFiles/CMakeTmp/CheckSymbolExists.c:2:10: fatal error: 'malloc.h' file not found
#include <malloc.h>
         ^~~~~~~~~~
1 error generated.
make[1]: *** [CMakeFiles/cmTC_51838.dir/CheckSymbolExists.c.o] Error 1
make: *** [cmTC_51838/fast] Error 2


File /Users/archiejames/Desktop/cross_platform_test/build/CMakeFiles/CMakeTmp/CheckSymbolExists.c:
/* */
#include <malloc.h>

int main(int argc, char** argv)
{
  (void)argv;
#ifndef _aligned_malloc
  return ((int*)(&_aligned_malloc))[argc];
#else
  (void)argc;
  return 0;
#endif
}
Determining if files pthread.h;pthread_np.h exist failed with the following output:
Change Dir: /Users/archiejames/Desktop/cross_platform_test/build/CMakeFiles/CMakeTmp

Run Build Command(s):/usr/bin/make cmTC_32ea3/fast && /Library/Developer/CommandLineTools/usr/bin/make  -f CMakeFiles/cmTC_32ea3.dir/build.make CMakeFiles/cmTC_32ea3.dir/build
Building C object CMakeFiles/cmTC_32ea3.dir/HAVE_PTHREAD_NP_H.c.o
/usr/bin/clang   -pthread -isysroot /Library/Developer/CommandLineTools/SDKs/MacOSX11.1.sdk -mmacosx-version-min=10.15 -o CMakeFiles/cmTC_32ea3.dir/HAVE_PTHREAD_NP_H.c.o -c /Users/archiejames/Desktop/cross_platform_test/build/CMakeFiles/CheckIncludeFiles/HAVE_PTHREAD_NP_H.c
/Users/archiejames/Desktop/cross_platform_test/build/CMakeFiles/CheckIncludeFiles/HAVE_PTHREAD_NP_H.c:3:10: fatal error: 'pthread_np.h' file not found
#include <pthread_np.h>
         ^~~~~~~~~~~~~~
1 error generated.
make[1]: *** [CMakeFiles/cmTC_32ea3.dir/HAVE_PTHREAD_NP_H.c.o] Error 1
make: *** [cmTC_32ea3/fast] Error 2


Source:
/* */
#include <pthread.h>
#include <pthread_np.h>


int main(void){return 0;}

Performing C SOURCE FILE Test PTHREAD_SETNAME_NP_THREE_PARAMS failed with the following output:
Change Dir: /Users/archiejames/Desktop/cross_platform_test/build/CMakeFiles/CMakeTmp

Run Build Command(s):/usr/bin/make cmTC_d0c8b/fast && /Library/Developer/CommandLineTools/usr/bin/make  -f CMakeFiles/cmTC_d0c8b.dir/build.make CMakeFiles/cmTC_d0c8b.dir/build
Building C object CMakeFiles/cmTC_d0c8b.dir/src.c.o
/usr/bin/clang -DPTHREAD_SETNAME_NP_THREE_PARAMS  -pthread -isysroot /Library/Developer/CommandLineTools/SDKs/MacOSX11.1.sdk -mmacosx-version-min=10.15 -o CMakeFiles/cmTC_d0c8b.dir/src.c.o -c /Users/archiejames/Desktop/cross_platform_test/build/CMakeFiles/CMakeTmp/src.c
/Users/archiejames/Desktop/cross_platform_test/build/CMakeFiles/CMakeTmp/src.c:5:40: error: too many arguments to function call, expected 1, have 3
    pthread_setname_np(pthread_self(), "%s", "testname");
    ~~~~~~~~~~~~~~~~~~                 ^~~~~~~~~~~~~~~~
/Library/Developer/CommandLineTools/SDKs/MacOSX11.1.sdk/usr/include/pthread.h:509:1: note: 'pthread_setname_np' declared here
__API_AVAILABLE(macos(10.6), ios(3.2))
^
/Library/Developer/CommandLineTools/SDKs/MacOSX11.1.sdk/usr/include/Availability.h:381:162: note: expanded from macro '__API_AVAILABLE'
    #define __API_AVAILABLE(...) __API_AVAILABLE_GET_MACRO(__VA_ARGS__,__API_AVAILABLE7, __API_AVAILABLE6, __API_AVAILABLE5, __API_AVAILABLE4, __API_AVAILABLE3, __API_AVAILABLE2, __API_AVAILABLE1, 0)(__VA_ARGS__)
                                                                                                                                                                 ^
1 error generated.
make[1]: *** [CMakeFiles/cmTC_d0c8b.dir/src.c.o] Error 1
make: *** [cmTC_d0c8b/fast] Error 2


Source file was:

#include <pthread.h>
int main()
{
    pthread_setname_np(pthread_self(), "%s", "testname");
    return 0;
}
